<?xml version="1.0" encoding="UTF-8"?>
<!-- Generated by org.testng.reporters.JUnitXMLReporter -->
<testsuite hostname="SIL-WIN-28" name="Default test" tests="13" failures="0" timestamp="9 Oct 2020 15:31:21 GMT" time="29.785" errors="0">
  <testcase name="setup" time="0.013" classname="com.flipkart.testcases.GoogleToFlipkartTC"/>
  <testcase name="verify_the_page_title_of_google_page" time="0.015" classname="com.flipkart.testcases.GoogleToFlipkartTC"/>
  <testcase name="search_for_flipkart" time="0.35" classname="com.flipkart.testcases.GoogleToFlipkartTC"/>
  <testcase name="verify_the_search_results" time="1.108" classname="com.flipkart.testcases.GoogleToFlipkartTC"/>
  <testcase name="verify_enter_key_and_open_flipkart_website" time="5.403" classname="com.flipkart.testcases.GoogleToFlipkartTC"/>
  <testcase name="verify_open_of_flipkart_website" time="0.022" classname="com.flipkart.testcases.GoogleToFlipkartTC"/>
  <testcase name="verify_the_login_popup_if_showing_then_close_it" time="0.288" classname="com.flipkart.testcases.GoogleToFlipkartTC"/>
  <testcase name="click_on_TV_and_appliance_dropdown_and_navigate_to_windows_AC" time="4.999" classname="com.flipkart.testcases.GoogleToFlipkartTC"/>
  <testcase name="verify_the_selection_of_add_to_compare_of_2nd_and_3rd_product" time="0.826" classname="com.flipkart.testcases.GoogleToFlipkartTC"/>
  <testcase name="verify_click_on_the_compare_button" time="0.123" classname="com.flipkart.testcases.GoogleToFlipkartTC"/>
  <testcase name="verify_the_name_and_price_of_compare_product" time="1.422" classname="com.flipkart.testcases.GoogleToFlipkartTC"/>
  <testcase name="verify_to_add_compared_products_in_cart" time="1.934" classname="com.flipkart.testcases.GoogleToFlipkartTC"/>
  <testcase name="verify_to_check_the_availability_of_product" time="0.369" classname="com.flipkart.testcases.GoogleToFlipkartTC"/>
</testsuite> <!-- Default test -->
